Determining if the pthread_create exist failed with the following output:
Change Dir: /home/gjq/catkin_ws/src/followme/CMakeFiles/CMakeTmp

Run Build Command:/usr/bin/make "cmTryCompileExec2914795428/fast"
/usr/bin/make -f CMakeFiles/cmTryCompileExec2914795428.dir/build.make CMakeFiles/cmTryCompileExec2914795428.dir/build
make[1]: 正在进入目录 `/home/gjq/catkin_ws/src/followme/CMakeFiles/CMakeTmp'
/usr/bin/cmake -E cmake_progress_report /home/gjq/catkin_ws/src/followme/CMakeFiles/CMakeTmp/CMakeFiles 1
Building C object CMakeFiles/cmTryCompileExec2914795428.dir/CheckSymbolExists.c.o
/usr/bin/cc    -o CMakeFiles/cmTryCompileExec2914795428.dir/CheckSymbolExists.c.o   -c /home/gjq/catkin_ws/src/followme/CMakeFiles/CMakeTmp/CheckSymbolExists.c
Linking C executable cmTryCompileExec2914795428
/usr/bin/cmake -E cmake_link_script CMakeFiles/cmTryCompileExec2914795428.dir/link.txt --verbose=1
/usr/bin/cc         CMakeFiles/cmTryCompileExec2914795428.dir/CheckSymbolExists.c.o  -o cmTryCompileExec2914795428 -rdynamic 
CMakeFiles/cmTryCompileExec2914795428.dir/CheckSymbolExists.c.o：在函数‘main’中：
CheckSymbolExists.c:(.text+0x16)：对‘pthread_create’未定义的引用
collect2: 错误： ld 返回 1
make[1]: *** [cmTryCompileExec2914795428] 错误 1
make[1]:正在离开目录 `/home/gjq/catkin_ws/src/followme/CMakeFiles/CMakeTmp'
make: *** [cmTryCompileExec2914795428/fast] 错误 2

File /home/gjq/catkin_ws/src/followme/CMakeFiles/CMakeTmp/CheckSymbolExists.c:
/* */
#include <pthread.h>

int main(int argc, char** argv)
{
  (void)argv;
#ifndef pthread_create
  return ((int*)(&pthread_create))[argc];
#else
  (void)argc;
  return 0;
#endif
}

Determining if the function pthread_create exists in the pthreads failed with the following output:
Change Dir: /home/gjq/catkin_ws/src/followme/CMakeFiles/CMakeTmp

Run Build Command:/usr/bin/make "cmTryCompileExec3284906926/fast"
/usr/bin/make -f CMakeFiles/cmTryCompileExec3284906926.dir/build.make CMakeFiles/cmTryCompileExec3284906926.dir/build
make[1]: 正在进入目录 `/home/gjq/catkin_ws/src/followme/CMakeFiles/CMakeTmp'
/usr/bin/cmake -E cmake_progress_report /home/gjq/catkin_ws/src/followme/CMakeFiles/CMakeTmp/CMakeFiles 1
Building C object CMakeFiles/cmTryCompileExec3284906926.dir/CheckFunctionExists.c.o
/usr/bin/cc   -DCHECK_FUNCTION_EXISTS=pthread_create   -o CMakeFiles/cmTryCompileExec3284906926.dir/CheckFunctionExists.c.o   -c /usr/share/cmake-2.8/Modules/CheckFunctionExists.c
Linking C executable cmTryCompileExec3284906926
/usr/bin/cmake -E cmake_link_script CMakeFiles/cmTryCompileExec3284906926.dir/link.txt --verbose=1
/usr/bin/cc     -DCHECK_FUNCTION_EXISTS=pthread_create    CMakeFiles/cmTryCompileExec3284906926.dir/CheckFunctionExists.c.o  -o cmTryCompileExec3284906926 -rdynamic -lpthreads 
/usr/bin/ld: cannot find -lpthreads
collect2: 错误： ld 返回 1
make[1]: *** [cmTryCompileExec3284906926] 错误 1
make[1]:正在离开目录 `/home/gjq/catkin_ws/src/followme/CMakeFiles/CMakeTmp'
make: *** [cmTryCompileExec3284906926/fast] 错误 2


